#
# There is insufficient memory for the Java Runtime Environment to continue.
# Native memory allocation (malloc) failed to allocate 32744 bytes for ChunkPool::allocate
# Possible reasons:
#   The system is out of physical RAM or swap space
#   The process is running with CompressedOops enabled, and the Java Heap may be blocking the growth of the native heap
# Possible solutions:
#   Reduce memory load on the system
#   Increase physical memory or swap space
#   Check if swap backing store is full
#   Decrease Java heap size (-Xmx/-Xms)
#   Decrease number of Java threads
#   Decrease Java thread stack sizes (-Xss)
#   Set larger code cache with -XX:ReservedCodeCacheSize=
#   JVM is running with Unscaled Compressed Oops mode in which the Java heap is
#     placed in the first 4GB address space. The Java Heap base address is the
#     maximum limit for the native heap growth. Please use -XX:HeapBaseMinAddress
#     to set the Java Heap base and to place the Java Heap above 4GB virtual address.
# This output file may be truncated or incomplete.
#
#  Out of Memory Error (allocation.cpp:272), pid=23168, tid=0x0000000000006b2c
#
# JRE version: OpenJDK Runtime Environment (8.0_242-b01) (build 1.8.0_242-release-1644-b01)
# Java VM: OpenJDK 64-Bit Server VM (25.242-b01 mixed mode windows-amd64 compressed oops)
# Failed to write core dump. Minidumps are not enabled by default on client versions of Windows
#

---------------  T H R E A D  ---------------

Current thread (0x0000000017b2f800):  JavaThread "C2 CompilerThread1" daemon [_thread_in_native, id=27436, stack(0x00000000192c0000,0x00000000193c0000)]

Stack: [0x00000000192c0000,0x00000000193c0000]
[error occurred during error reporting (printing stack bounds), id 0xc0000005]

Native frames: (J=compiled Java code, j=interpreted, Vv=VM code, C=native code)


Current CompileTask:
C2:  43451 9203       4       com.android.tools.r8.code.v1::a (4137 bytes)


---------------  P R O C E S S  ---------------

Java Threads: ( => current thread )
  0x000000001fd8a800 JavaThread "ForkJoinPool-1-worker-0" daemon [_thread_in_Java, id=20780, stack(0x000000002b950000,0x000000002ba50000)]
  0x000000001fd89800 JavaThread "ForkJoinPool-1-worker-3" daemon [_thread_in_Java, id=19064, stack(0x000000002b850000,0x000000002b950000)]
  0x000000001fd81800 JavaThread "ForkJoinPool-1-worker-2" daemon [_thread_in_Java, id=24704, stack(0x000000002b750000,0x000000002b850000)]
  0x000000001fd87800 JavaThread "ForkJoinPool-1-worker-1" daemon [_thread_in_Java, id=20136, stack(0x000000002af10000,0x000000002b010000)]
  0x000000001fd86800 JavaThread "stdout" [_thread_in_native, id=26792, stack(0x000000002b240000,0x000000002b340000)]
  0x000000001fd83800 JavaThread "stderr" [_thread_in_native, id=25516, stack(0x000000002b140000,0x000000002b240000)]
  0x000000001fd88000 JavaThread "pool-2-thread-1" [_thread_blocked, id=14848, stack(0x000000002b040000,0x000000002b140000)]
  0x000000001fd80000 JavaThread "WorkerExecutor Queue Thread 4" [_thread_blocked, id=17324, stack(0x000000002ae10000,0x000000002af10000)]
  0x000000001fd85000 JavaThread "WorkerExecutor Queue Thread 3" [_thread_blocked, id=20376, stack(0x000000002ab10000,0x000000002ac10000)]
  0x000000001fd80800 JavaThread "WorkerExecutor Queue Thread 2" [_thread_blocked, id=29624, stack(0x000000002aa10000,0x000000002ab10000)]
  0x000000001fd7f000 JavaThread "WorkerExecutor Queue" [_thread_blocked, id=24876, stack(0x000000002a910000,0x000000002aa10000)]
  0x000000001fd84800 JavaThread "Cache worker for execution history cache (D:\COURS\telecom\2A\igr\igr203\UserCenteredDesign\Carte\.gradle\6.5\executionHistory)" [_thread_blocked, id=27884, stack(0x000000002a210000,0x000000002a310000)]
  0x000000001fd83000 JavaThread "Execution worker for ':' Thread 3" [_thread_blocked, id=29448, stack(0x000000002a110000,0x000000002a210000)]
  0x000000001f393000 JavaThread "Execution worker for ':' Thread 2" [_thread_blocked, id=24280, stack(0x0000000029cb0000,0x0000000029db0000)]
  0x000000001f396000 JavaThread "Execution worker for ':'" [_thread_blocked, id=22788, stack(0x0000000001080000,0x0000000001180000)]
  0x000000001f394800 JavaThread "Cache worker for file content cache (D:\COURS\telecom\2A\igr\igr203\UserCenteredDesign\Carte\.gradle\6.5\fileContent)" [_thread_blocked, id=16848, stack(0x0000000029e10000,0x0000000029f10000)]
  0x000000001f391800 JavaThread "Memory manager" [_thread_blocked, id=27420, stack(0x0000000029bb0000,0x0000000029cb0000)]
  0x000000001f393800 JavaThread "Cache worker for Build Output Cleanup Cache (D:\COURS\telecom\2A\igr\igr203\UserCenteredDesign\Carte\.gradle\buildOutputCleanup)" [_thread_blocked, id=20092, stack(0x0000000027a30000,0x0000000027b30000)]
  0x000000001f397800 JavaThread "jar transforms Thread 92" [_thread_blocked, id=28904, stack(0x0000000027480000,0x0000000027580000)]
  0x000000001f392000 JavaThread "jar transforms Thread 91" [_thread_blocked, id=29264, stack(0x0000000027380000,0x0000000027480000)]
  0x000000001f395000 JavaThread "jar transforms Thread 90" [_thread_blocked, id=27964, stack(0x0000000027280000,0x0000000027380000)]
  0x000000001f396800 JavaThread "jar transforms Thread 89" [_thread_blocked, id=26120, stack(0x0000000027180000,0x0000000027280000)]
  0x000000001f390800 JavaThread "jar transforms Thread 88" [_thread_blocked, id=18396, stack(0x0000000027080000,0x0000000027180000)]
  0x000000001f389000 JavaThread "jar transforms Thread 87" [_thread_blocked, id=17072, stack(0x0000000026f80000,0x0000000027080000)]
  0x000000001f390000 JavaThread "jar transforms Thread 86" [_thread_blocked, id=3104, stack(0x0000000026e80000,0x0000000026f80000)]
  0x000000001f38f000 JavaThread "jar transforms Thread 85" [_thread_blocked, id=2776, stack(0x0000000026d80000,0x0000000026e80000)]
  0x000000001f38e800 JavaThread "jar transforms Thread 84" [_thread_blocked, id=25688, stack(0x0000000026c80000,0x0000000026d80000)]
  0x000000001f38d000 JavaThread "jar transforms Thread 83" [_thread_blocked, id=28608, stack(0x0000000026b80000,0x0000000026c80000)]
  0x000000001f388800 JavaThread "jar transforms Thread 82" [_thread_blocked, id=18264, stack(0x0000000026a80000,0x0000000026b80000)]
  0x000000001f38c000 JavaThread "jar transforms Thread 81" [_thread_blocked, id=27240, stack(0x0000000026980000,0x0000000026a80000)]
  0x000000001f38b800 JavaThread "jar transforms Thread 80" [_thread_blocked, id=17108, stack(0x0000000026880000,0x0000000026980000)]
  0x000000001f38a000 JavaThread "jar transforms Thread 79" [_thread_blocked, id=21672, stack(0x0000000026780000,0x0000000026880000)]
  0x000000001f38d800 JavaThread "jar transforms Thread 78" [_thread_blocked, id=25580, stack(0x0000000026680000,0x0000000026780000)]
  0x000000001f38a800 JavaThread "jar transforms Thread 77" [_thread_blocked, id=14204, stack(0x0000000026580000,0x0000000026680000)]
  0x000000001bd6e800 JavaThread "jar transforms Thread 76" [_thread_blocked, id=22280, stack(0x0000000026480000,0x0000000026580000)]
  0x000000001bd6f800 JavaThread "jar transforms Thread 75" [_thread_blocked, id=26608, stack(0x0000000026380000,0x0000000026480000)]
  0x000000001bd71800 JavaThread "jar transforms Thread 74" [_thread_blocked, id=23732, stack(0x0000000026280000,0x0000000026380000)]
  0x000000001bd71000 JavaThread "jar transforms Thread 73" [_thread_blocked, id=17748, stack(0x0000000026180000,0x0000000026280000)]
  0x000000001bd70000 JavaThread "jar transforms Thread 72" [_thread_blocked, id=21924, stack(0x0000000026080000,0x0000000026180000)]
  0x000000001bd67000 JavaThread "jar transforms Thread 71" [_thread_blocked, id=19796, stack(0x0000000025f80000,0x0000000026080000)]
  0x000000001bd6b800 JavaThread "jar transforms Thread 70" [_thread_blocked, id=25180, stack(0x0000000025e80000,0x0000000025f80000)]
  0x000000001bd6b000 JavaThread "jar transforms Thread 69" [_thread_blocked, id=12232, stack(0x0000000025d80000,0x0000000025e80000)]
  0x000000001bd6e000 JavaThread "jar transforms Thread 68" [_thread_blocked, id=22204, stack(0x0000000025c80000,0x0000000025d80000)]
  0x000000001bd6c800 JavaThread "jar transforms Thread 67" [_thread_blocked, id=12248, stack(0x0000000025b80000,0x0000000025c80000)]
  0x000000001bd68000 JavaThread "jar transforms Thread 66" [_thread_blocked, id=23740, stack(0x0000000025a80000,0x0000000025b80000)]
  0x000000001bd6d000 JavaThread "jar transforms Thread 65" [_thread_blocked, id=8896, stack(0x0000000025980000,0x0000000025a80000)]
  0x000000001bd6a000 JavaThread "jar transforms Thread 64" [_thread_blocked, id=26848, stack(0x0000000025880000,0x0000000025980000)]
  0x000000001bd62800 JavaThread "jar transforms Thread 63" [_thread_blocked, id=11908, stack(0x0000000025780000,0x0000000025880000)]
  0x000000001bd65800 JavaThread "jar transforms Thread 62" [_thread_blocked, id=18176, stack(0x0000000025680000,0x0000000025780000)]
  0x000000001bd65000 JavaThread "jar transforms Thread 61" [_thread_blocked, id=26548, stack(0x0000000025580000,0x0000000025680000)]
  0x000000001bd68800 JavaThread "jar transforms Thread 60" [_thread_blocked, id=27500, stack(0x0000000025480000,0x0000000025580000)]
  0x000000001bd69800 JavaThread "jar transforms Thread 59" [_thread_blocked, id=29372, stack(0x0000000025380000,0x0000000025480000)]
  0x000000001bd64000 JavaThread "jar transforms Thread 58" [_thread_blocked, id=22828, stack(0x0000000025280000,0x0000000025380000)]
  0x000000001bd66800 JavaThread "jar transforms Thread 57" [_thread_blocked, id=27140, stack(0x0000000025180000,0x0000000025280000)]
  0x000000001bd63800 JavaThread "jar transforms Thread 56" [_thread_blocked, id=25720, stack(0x0000000025080000,0x0000000025180000)]
  0x000000001e26d000 JavaThread "jar transforms Thread 55" [_thread_blocked, id=27004, stack(0x0000000024f80000,0x0000000025080000)]
  0x000000001e26c000 JavaThread "jar transforms Thread 54" [_thread_blocked, id=20888, stack(0x0000000024e80000,0x0000000024f80000)]
  0x000000001e270000 JavaThread "jar transforms Thread 53" [_thread_blocked, id=7680, stack(0x0000000024d80000,0x0000000024e80000)]
  0x000000001e26f000 JavaThread "jar transforms Thread 52" [_thread_blocked, id=13980, stack(0x0000000024c80000,0x0000000024d80000)]
  0x000000001e26b800 JavaThread "jar transforms Thread 51" [_thread_blocked, id=24212, stack(0x0000000024b80000,0x0000000024c80000)]
  0x000000001e26e800 JavaThread "jar transforms Thread 50" [_thread_blocked, id=23560, stack(0x0000000024a80000,0x0000000024b80000)]
  0x000000001e271800 JavaThread "jar transforms Thread 49" [_thread_blocked, id=12480, stack(0x0000000024980000,0x0000000024a80000)]
  0x000000001e270800 JavaThread "jar transforms Thread 48" [_thread_blocked, id=28732, stack(0x0000000024880000,0x0000000024980000)]
  0x000000001e26d800 JavaThread "jar transforms Thread 47" [_thread_blocked, id=21416, stack(0x0000000024780000,0x0000000024880000)]
  0x000000001e264000 JavaThread "jar transforms Thread 46" [_thread_blocked, id=29476, stack(0x0000000024680000,0x0000000024780000)]
  0x000000001e26a800 JavaThread "jar transforms Thread 45" [_thread_blocked, id=19904, stack(0x0000000024580000,0x0000000024680000)]
  0x000000001e26a000 JavaThread "jar transforms Thread 44" [_thread_blocked, id=20000, stack(0x0000000024480000,0x0000000024580000)]
  0x000000001e269000 JavaThread "jar transforms Thread 43" [_thread_blocked, id=6252, stack(0x0000000024380000,0x0000000024480000)]
  0x000000001e267800 JavaThread "jar transforms Thread 42" [_thread_blocked, id=20716, stack(0x0000000024280000,0x0000000024380000)]
  0x000000001e262800 JavaThread "jar transforms Thread 41" [_thread_blocked, id=21636, stack(0x0000000024180000,0x0000000024280000)]
  0x000000001e267000 JavaThread "jar transforms Thread 40" [_thread_blocked, id=13576, stack(0x0000000024080000,0x0000000024180000)]
  0x000000001e265800 JavaThread "jar transforms Thread 39" [_thread_blocked, id=25204, stack(0x0000000023f80000,0x0000000024080000)]
  0x000000001e264800 JavaThread "jar transforms Thread 38" [_thread_blocked, id=18380, stack(0x0000000023e80000,0x0000000023f80000)]
  0x000000001e266000 JavaThread "jar transforms Thread 37" [_thread_blocked, id=21848, stack(0x0000000023d80000,0x0000000023e80000)]
  0x000000001e268800 JavaThread "jar transforms Thread 36" [_thread_blocked, id=17580, stack(0x0000000023c80000,0x0000000023d80000)]
  0x000000001e263000 JavaThread "jar transforms Thread 35" [_thread_blocked, id=26820, stack(0x0000000023b80000,0x0000000023c80000)]
  0x000000001bd41800 JavaThread "jar transforms Thread 34" [_thread_blocked, id=6728, stack(0x0000000023a80000,0x0000000023b80000)]
  0x000000001bd41000 JavaThread "jar transforms Thread 33" [_thread_blocked, id=24664, stack(0x0000000023980000,0x0000000023a80000)]
  0x000000001bd3f800 JavaThread "jar transforms Thread 32" [_thread_blocked, id=18680, stack(0x0000000023880000,0x0000000023980000)]
  0x000000001bd3e800 JavaThread "jar transforms Thread 31" [_thread_blocked, id=13672, stack(0x0000000023780000,0x0000000023880000)]
  0x000000001bd40000 JavaThread "jar transforms Thread 30" [_thread_blocked, id=27476, stack(0x0000000023680000,0x0000000023780000)]
  0x000000001bd3e000 JavaThread "jar transforms Thread 29" [_thread_blocked, id=20548, stack(0x0000000023580000,0x0000000023680000)]
  0x000000001bd3d000 JavaThread "jar transforms Thread 28" [_thread_blocked, id=15776, stack(0x0000000023480000,0x0000000023580000)]
  0x000000001bd35800 JavaThread "jar transforms Thread 27" [_thread_blocked, id=4072, stack(0x0000000023380000,0x0000000023480000)]
  0x000000001bd3c800 JavaThread "jar transforms Thread 26" [_thread_blocked, id=3028, stack(0x0000000023280000,0x0000000023380000)]
  0x000000001bd35000 JavaThread "jar transforms Thread 25" [_thread_blocked, id=15416, stack(0x0000000023180000,0x0000000023280000)]
  0x000000001bd3b800 JavaThread "jar transforms Thread 24" [_thread_blocked, id=22868, stack(0x0000000023080000,0x0000000023180000)]
  0x000000001bd34000 JavaThread "jar transforms Thread 23" [_thread_blocked, id=29400, stack(0x0000000022f80000,0x0000000023080000)]
  0x000000001bd3b000 JavaThread "jar transforms Thread 22" [_thread_blocked, id=23968, stack(0x0000000022e80000,0x0000000022f80000)]
  0x000000001bd3a000 JavaThread "jar transforms Thread 21" [_thread_blocked, id=9468, stack(0x0000000022d80000,0x0000000022e80000)]
  0x000000001bd33800 JavaThread "jar transforms Thread 20" [_thread_blocked, id=24288, stack(0x0000000022c80000,0x0000000022d80000)]
  0x000000001bd39800 JavaThread "jar transforms Thread 19" [_thread_blocked, id=19996, stack(0x0000000022b80000,0x0000000022c80000)]
  0x000000001bd38800 JavaThread "jar transforms Thread 18" [_thread_blocked, id=27496, stack(0x0000000022a80000,0x0000000022b80000)]
  0x000000001bd38000 JavaThread "jar transforms Thread 17" [_thread_blocked, id=26436, stack(0x0000000022980000,0x0000000022a80000)]
  0x000000001bd37000 JavaThread "jar transforms Thread 16" [_thread_blocked, id=12872, stack(0x0000000022880000,0x0000000022980000)]
  0x000000001bd32800 JavaThread "jar transforms Thread 15" [_thread_blocked, id=16548, stack(0x0000000022780000,0x0000000022880000)]
  0x000000001bd36800 JavaThread "jar transforms Thread 14" [_thread_blocked, id=19256, stack(0x0000000022680000,0x0000000022780000)]
  0x000000001b976000 JavaThread "jar transforms Thread 13" [_thread_blocked, id=21300, stack(0x0000000022580000,0x0000000022680000)]
  0x000000001b974800 JavaThread "jar transforms Thread 12" [_thread_blocked, id=27208, stack(0x0000000022480000,0x0000000022580000)]
  0x000000001b975800 JavaThread "jar transforms Thread 11" [_thread_blocked, id=21624, stack(0x0000000022380000,0x0000000022480000)]
  0x000000001b96d000 JavaThread "jar transforms Thread 10" [_thread_blocked, id=25936, stack(0x0000000022280000,0x0000000022380000)]
  0x000000001b974000 JavaThread "jar transforms Thread 9" [_thread_blocked, id=19452, stack(0x0000000022180000,0x0000000022280000)]
  0x000000001b971000 JavaThread "jar transforms Thread 8" [_thread_blocked, id=26428, stack(0x0000000022080000,0x0000000022180000)]
  0x000000001b971800 JavaThread "jar transforms Thread 7" [_thread_blocked, id=23820, stack(0x0000000021f80000,0x0000000022080000)]
  0x000000001b970000 JavaThread "jar transforms Thread 6" [_thread_blocked, id=5196, stack(0x0000000021e80000,0x0000000021f80000)]
  0x000000001b972800 JavaThread "jar transforms Thread 5" [_thread_blocked, id=25372, stack(0x0000000021d80000,0x0000000021e80000)]
  0x000000001b973000 JavaThread "jar transforms Thread 4" [_thread_blocked, id=19032, stack(0x0000000021c80000,0x0000000021d80000)]
  0x000000001b968800 JavaThread "jar transforms Thread 3" [_thread_blocked, id=15648, stack(0x0000000021b80000,0x0000000021c80000)]
  0x000000001b96c800 JavaThread "jar transforms Thread 2" [_thread_blocked, id=17540, stack(0x0000000021a80000,0x0000000021b80000)]
  0x000000001b96f800 JavaThread "Build operations Thread 4" [_thread_blocked, id=26776, stack(0x0000000021980000,0x0000000021a80000)]
  0x000000001b96e800 JavaThread "Build operations Thread 3" [_thread_blocked, id=12732, stack(0x0000000021630000,0x0000000021730000)]
  0x000000001b96b800 JavaThread "Build operations Thread 2" [_thread_blocked, id=1336, stack(0x0000000021530000,0x0000000021630000)]
  0x000000001b967000 JavaThread "Build operations" [_thread_blocked, id=27360, stack(0x0000000021430000,0x0000000021530000)]
  0x00000000196dc800 JavaThread "Cache worker for file content cache (C:\Users\lucas\.gradle\caches\6.5\fileContent)" [_thread_blocked, id=18744, stack(0x0000000020f30000,0x0000000021030000)]
  0x00000000196db800 JavaThread "jar transforms" [_thread_blocked, id=29300, stack(0x0000000020e30000,0x0000000020f30000)]
  0x00000000196db000 JavaThread "Cache worker for execution history cache (C:\Users\lucas\.gradle\caches\6.5\executionHistory)" [_thread_blocked, id=21080, stack(0x0000000020730000,0x0000000020830000)]
  0x00000000196e1000 JavaThread "Cache worker for cache directory md-rule (C:\Users\lucas\.gradle\caches\6.5\md-rule)" [_thread_blocked, id=24340, stack(0x0000000020630000,0x0000000020730000)]
  0x00000000196df800 JavaThread "Cache worker for cache directory md-supplier (C:\Users\lucas\.gradle\caches\6.5\md-supplier)" [_thread_blocked, id=29664, stack(0x0000000020530000,0x0000000020630000)]
  0x00000000196de000 JavaThread "Cache worker for checksums cache (D:\COURS\telecom\2A\igr\igr203\UserCenteredDesign\Carte\.gradle\checksums)" [_thread_blocked, id=9008, stack(0x000000001f1e0000,0x000000001f2e0000)]
  0x00000000196de800 JavaThread "Cache worker for file hash cache (D:\COURS\telecom\2A\igr\igr203\UserCenteredDesign\Carte\.gradle\6.5\fileHashes)" [_thread_blocked, id=8964, stack(0x000000001f0e0000,0x000000001f1e0000)]
  0x00000000196e0000 JavaThread "Cache worker for file hash cache (C:\Users\lucas\.gradle\caches\6.5\fileHashes)" [_thread_blocked, id=9884, stack(0x000000001dc10000,0x000000001dd10000)]
  0x00000000196dd000 JavaThread "File lock request listener" [_thread_in_native, id=10268, stack(0x000000001db10000,0x000000001dc10000)]
  0x00000000196da000 JavaThread "Cache worker for journal cache (C:\Users\lucas\.gradle\caches\journal-1)" [_thread_blocked, id=15348, stack(0x000000001d910000,0x000000001da10000)]
  0x0000000019b36000 JavaThread "Thread-9" [_thread_blocked, id=9720, stack(0x000000001d610000,0x000000001d710000)]
  0x0000000019b33000 JavaThread "Stdin handler" [_thread_blocked, id=16252, stack(0x000000001d510000,0x000000001d610000)]
  0x000000001a62b800 JavaThread "Asynchronous log dispatcher for DefaultDaemonConnection: socket connection from /127.0.0.1:59505 to /127.0.0.1:59506" [_thread_blocked, id=29384, stack(0x000000001d410000,0x000000001d510000)]
  0x000000001a631800 JavaThread "Daemon worker" [_thread_blocked, id=20272, stack(0x000000001d310000,0x000000001d410000)]
  0x000000001961a000 JavaThread "Cancel handler" [_thread_blocked, id=12672, stack(0x000000001d210000,0x000000001d310000)]
  0x000000001a35e000 JavaThread "Handler for socket connection from /127.0.0.1:59505 to /127.0.0.1:59506" [_thread_in_native, id=29268, stack(0x000000001d110000,0x000000001d210000)]
  0x000000001a35b800 JavaThread "Daemon" [_thread_blocked, id=22424, stack(0x000000001d010000,0x000000001d110000)]
  0x000000001a0e7800 JavaThread "Daemon periodic checks" [_thread_blocked, id=6096, stack(0x000000001cd10000,0x000000001ce10000)]
  0x000000001a1c6800 JavaThread "Incoming local TCP Connector on port 59505" [_thread_in_native, id=16544, stack(0x000000001caa0000,0x000000001cba0000)]
  0x000000001975e800 JavaThread "Daemon health stats" [_thread_blocked, id=26264, stack(0x000000001c460000,0x000000001c560000)]
  0x0000000017b7e800 JavaThread "Service Thread" daemon [_thread_blocked, id=29152, stack(0x00000000198c0000,0x00000000199c0000)]
  0x00000000193c8800 JavaThread "C1 CompilerThread2" daemon [_thread_in_vm, id=11396, stack(0x00000000197c0000,0x00000000198c0000)]
=>0x0000000017b2f800 JavaThread "C2 CompilerThread1" daemon [_thread_in_native, id=27436, stack(0x00000000192c0000,0x00000000193c0000)]
  0x0000000017b27800 JavaThread "C2 CompilerThread0" daemon [_thread_in_native, id=25788, stack(0x00000000191c0000,0x00000000192c0000)]
  0x0000000017b24800 JavaThread "Attach Listener" daemon [_thread_blocked, id=7484, stack(0x00000000190c0000,0x00000000191c0000)]
  0x0000000017b23000 JavaThread "Signal Dispatcher" daemon [_thread_blocked, id=29388, stack(0x0000000018fc0000,0x00000000190c0000)]
  0x0000000002efa000 JavaThread "Finalizer" daemon [_thread_blocked, id=25616, stack(0x0000000018d90000,0x0000000018e90000)]
  0x0000000002ef1000 JavaThread "Reference Handler" daemon [_thread_blocked, id=2268, stack(0x0000000018c90000,0x0000000018d90000)]
  0x0000000002dfd800 JavaThread "main" [_thread_blocked, id=14420, stack(0x0000000002c50000,0x0000000002d50000)]

Other Threads:
  0x0000000017ae6800 VMThread [stack: 0x0000000018b90000,0x0000000018c90000] [id=24292]
  0x00000000193e3800 WatcherThread [stack: 0x00000000199c0000,0x0000000019ac0000] [id=5972]

VM state:not at safepoint (normal execution)

VM Mutex/Monitor currently owned by a thread: None

heap address: 0x0000000080000000, size: 2048 MB, Compressed Oops mode: 32-bit
Narrow klass base: 0x0000000000000000, Narrow klass shift: 3
Compressed class space size: 1073741824 Address: 0x0000000100000000

Heap:
 PSYoungGen      total 189952K, used 152619K [0x00000000d5580000, 0x00000000e2980000, 0x0000000100000000)
  eden space 169472K, 77% used [0x00000000d5580000,0x00000000dd690150,0x00000000dfb00000)
  from space 20480K, 99% used [0x00000000e1200000,0x00000000e25faaf0,0x00000000e2600000)
  to   space 23552K, 0% used [0x00000000dfb00000,0x00000000dfb00000,0x00000000e1200000)
 ParOldGen       total 148992K, used 33833K [0x0000000080000000, 0x0000000089180000, 0x00000000d5580000)
  object space 148992K, 22% used [0x0000000080000000,0x000000008210a6c0,0x0000000089180000)
 Metaspace       used 72629K, capacity 76152K, committed 76248K, reserved 1114112K
  class space    used 10061K, capacity 10695K, committed 10752K, reserved 1048576K

Card table byte_map: [0x00000000122c0000,0x00000000126d0000] byte_map_base: 0x0000000011ec0000

Marking Bits: (ParMarkBitMap*) 0x00000000723cf030
 Begin Bits: [0x0000000012d80000, 0x0000000014d80000)
 End Bits:   [0x0000000014d80000, 0x0000000016d80000)

Polling page: 0x0000000000f70000

CodeCache: size=245760Kb used=25797Kb max_used=25808Kb free=219962Kb
 bounds [0x0000000002f00000, 0x0000000004860000, 0x0000000011f00000]
 total_blobs=9023 nmethods=8201 adapters=734
 compilation: enabled

Compilation events (10 events):
Event: 43.312 Thread 0x00000000193c8800 nmethod 9326 0x0000000004849350 code [0x00000000048494c0, 0x00000000048497a8]
Event: 43.312 Thread 0x00000000193c8800 9327       3       java.util.AbstractList::subList (31 bytes)
Event: 43.312 Thread 0x00000000193c8800 nmethod 9327 0x0000000004849850 code [0x00000000048499e0, 0x0000000004849e58]
Event: 43.312 Thread 0x00000000193c8800 9328       3       java.util.RandomAccessSubList::<init> (8 bytes)
Event: 43.313 Thread 0x00000000193c8800 nmethod 9328 0x0000000004849fd0 code [0x000000000484a140, 0x000000000484a2c8]
Event: 43.332 Thread 0x0000000017b27800 nmethod 9287 0x000000000484ddd0 code [0x000000000484dfc0, 0x000000000484ed68]
Event: 43.332 Thread 0x0000000017b27800 9325 %     4       com.android.tools.r8.dex.n::a @ 312 (910 bytes)
Event: 43.351 Thread 0x00000000193c8800 9329       3       java.util.SubList::iterator (5 bytes)
Event: 43.352 Thread 0x00000000193c8800 nmethod 9329 0x000000000484d110 code [0x000000000484d2e0, 0x000000000484d9b8]
Event: 43.406 Thread 0x00000000193c8800 9331       3       com.android.tools.r8.graph.X::a (48 bytes)

GC Heap History (10 events):
Event: 23.309 GC heap before
{Heap before GC invocations=13 (full 2):
 PSYoungGen      total 125440K, used 125390K [0x00000000d5580000, 0x00000000de200000, 0x0000000100000000)
  eden space 118784K, 100% used [0x00000000d5580000,0x00000000dc980000,0x00000000dc980000)
  from space 6656K, 99% used [0x00000000ddb80000,0x00000000de1f3a68,0x00000000de200000)
  to   space 11264K, 0% used [0x00000000dcc00000,0x00000000dcc00000,0x00000000dd700000)
 ParOldGen       total 96256K, used 14373K [0x0000000080000000, 0x0000000085e00000, 0x00000000d5580000)
  object space 96256K, 14% used [0x0000000080000000,0x0000000080e094d8,0x0000000085e00000)
 Metaspace       used 50163K, capacity 52070K, committed 52440K, reserved 1095680K
  class space    used 6694K, capacity 7061K, committed 7168K, reserved 1048576K
Event: 23.346 GC heap after
Heap after GC invocations=13 (full 2):
 PSYoungGen      total 132608K, used 11251K [0x00000000d5580000, 0x00000000e0500000, 0x0000000100000000)
  eden space 121344K, 0% used [0x00000000d5580000,0x00000000d5580000,0x00000000dcc00000)
  from space 11264K, 99% used [0x00000000dcc00000,0x00000000dd6fccc8,0x00000000dd700000)
  to   space 15360K, 0% used [0x00000000df600000,0x00000000df600000,0x00000000e0500000)
 ParOldGen       total 96256K, used 22706K [0x0000000080000000, 0x0000000085e00000, 0x00000000d5580000)
  object space 96256K, 23% used [0x0000000080000000,0x000000008162c920,0x0000000085e00000)
 Metaspace       used 50163K, capacity 52070K, committed 52440K, reserved 1095680K
  class space    used 6694K, capacity 7061K, committed 7168K, reserved 1048576K
}
Event: 26.797 GC heap before
{Heap before GC invocations=14 (full 2):
 PSYoungGen      total 132608K, used 100953K [0x00000000d5580000, 0x00000000e0500000, 0x0000000100000000)
  eden space 121344K, 73% used [0x00000000d5580000,0x00000000dad19780,0x00000000dcc00000)
  from space 11264K, 99% used [0x00000000dcc00000,0x00000000dd6fccc8,0x00000000dd700000)
  to   space 15360K, 0% used [0x00000000df600000,0x00000000df600000,0x00000000e0500000)
 ParOldGen       total 96256K, used 22706K [0x0000000080000000, 0x0000000085e00000, 0x00000000d5580000)
  object space 96256K, 23% used [0x0000000080000000,0x000000008162c920,0x0000000085e00000)
 Metaspace       used 56476K, capacity 58850K, committed 58968K, reserved 1099776K
  class space    used 7722K, capacity 8206K, committed 8320K, reserved 1048576K
Event: 26.865 GC heap after
Heap after GC invocations=14 (full 2):
 PSYoungGen      total 159744K, used 15340K [0x00000000d5580000, 0x00000000e1280000, 0x0000000100000000)
  eden space 144384K, 0% used [0x00000000d5580000,0x00000000d5580000,0x00000000de280000)
  from space 15360K, 99% used [0x00000000df600000,0x00000000e04fb330,0x00000000e0500000)
  to   space 19968K, 0% used [0x00000000de280000,0x00000000de280000,0x00000000df600000)
 ParOldGen       total 96256K, used 28685K [0x0000000080000000, 0x0000000085e00000, 0x00000000d5580000)
  object space 96256K, 29% used [0x0000000080000000,0x0000000081c03650,0x0000000085e00000)
 Metaspace       used 56476K, capacity 58850K, committed 58968K, reserved 1099776K
  class space    used 7722K, capacity 8206K, committed 8320K, reserved 1048576K
}
Event: 26.865 GC heap before
{Heap before GC invocations=15 (full 3):
 PSYoungGen      total 159744K, used 15340K [0x00000000d5580000, 0x00000000e1280000, 0x0000000100000000)
  eden space 144384K, 0% used [0x00000000d5580000,0x00000000d5580000,0x00000000de280000)
  from space 15360K, 99% used [0x00000000df600000,0x00000000e04fb330,0x00000000e0500000)
  to   space 19968K, 0% used [0x00000000de280000,0x00000000de280000,0x00000000df600000)
 ParOldGen       total 96256K, used 28685K [0x0000000080000000, 0x0000000085e00000, 0x00000000d5580000)
  object space 96256K, 29% used [0x0000000080000000,0x0000000081c03650,0x0000000085e00000)
 Metaspace       used 56476K, capacity 58850K, committed 58968K, reserved 1099776K
  class space    used 7722K, capacity 8206K, committed 8320K, reserved 1048576K
Event: 27.327 GC heap after
Heap after GC invocations=15 (full 3):
 PSYoungGen      total 159744K, used 0K [0x00000000d5580000, 0x00000000e1280000, 0x0000000100000000)
  eden space 144384K, 0% used [0x00000000d5580000,0x00000000d5580000,0x00000000de280000)
  from space 15360K, 0% used [0x00000000df600000,0x00000000df600000,0x00000000e0500000)
  to   space 19968K, 0% used [0x00000000de280000,0x00000000de280000,0x00000000df600000)
 ParOldGen       total 148992K, used 33314K [0x0000000080000000, 0x0000000089180000, 0x00000000d5580000)
  object space 148992K, 22% used [0x0000000080000000,0x0000000082088840,0x0000000089180000)
 Metaspace       used 56458K, capacity 58790K, committed 58968K, reserved 1099776K
  class space    used 7717K, capacity 8196K, committed 8320K, reserved 1048576K
}
Event: 34.434 GC heap before
{Heap before GC invocations=16 (full 3):
 PSYoungGen      total 159744K, used 144384K [0x00000000d5580000, 0x00000000e1280000, 0x0000000100000000)
  eden space 144384K, 100% used [0x00000000d5580000,0x00000000de280000,0x00000000de280000)
  from space 15360K, 0% used [0x00000000df600000,0x00000000df600000,0x00000000e0500000)
  to   space 19968K, 0% used [0x00000000de280000,0x00000000de280000,0x00000000df600000)
 ParOldGen       total 148992K, used 33314K [0x0000000080000000, 0x0000000089180000, 0x00000000d5580000)
  object space 148992K, 22% used [0x0000000080000000,0x0000000082088840,0x0000000089180000)
 Metaspace       used 63227K, capacity 66170K, committed 66392K, reserved 1105920K
  class space    used 8732K, capacity 9296K, committed 9344K, reserved 1048576K
Event: 34.462 GC heap after
Heap after GC invocations=16 (full 3):
 PSYoungGen      total 164352K, used 13648K [0x00000000d5580000, 0x00000000e2600000, 0x0000000100000000)
  eden space 144384K, 0% used [0x00000000d5580000,0x00000000d5580000,0x00000000de280000)
  from space 19968K, 68% used [0x00000000de280000,0x00000000defd40a0,0x00000000df600000)
  to   space 20480K, 0% used [0x00000000e1200000,0x00000000e1200000,0x00000000e2600000)
 ParOldGen       total 148992K, used 33322K [0x0000000080000000, 0x0000000089180000, 0x00000000d5580000)
  object space 148992K, 22% used [0x0000000080000000,0x000000008208a840,0x0000000089180000)
 Metaspace       used 63227K, capacity 66170K, committed 66392K, reserved 1105920K
  class space    used 8732K, capacity 9296K, committed 9344K, reserved 1048576K
}
Event: 40.058 GC heap before
{Heap before GC invocations=17 (full 3):
 PSYoungGen      total 164352K, used 158032K [0x00000000d5580000, 0x00000000e2600000, 0x0000000100000000)
  eden space 144384K, 100% used [0x00000000d5580000,0x00000000de280000,0x00000000de280000)
  from space 19968K, 68% used [0x00000000de280000,0x00000000defd40a0,0x00000000df600000)
  to   space 20480K, 0% used [0x00000000e1200000,0x00000000e1200000,0x00000000e2600000)
 ParOldGen       total 148992K, used 33322K [0x0000000080000000, 0x0000000089180000, 0x00000000d5580000)
  object space 148992K, 22% used [0x0000000080000000,0x000000008208a840,0x0000000089180000)
 Metaspace       used 68425K, capacity 71612K, committed 71768K, reserved 1112064K
  class space    used 9401K, capacity 10019K, committed 10112K, reserved 1048576K
Event: 40.096 GC heap after
Heap after GC invocations=17 (full 3):
 PSYoungGen      total 189952K, used 20458K [0x00000000d5580000, 0x00000000e2980000, 0x0000000100000000)
  eden space 169472K, 0% used [0x00000000d5580000,0x00000000d5580000,0x00000000dfb00000)
  from space 20480K, 99% used [0x00000000e1200000,0x00000000e25faaf0,0x00000000e2600000)
  to   space 23552K, 0% used [0x00000000dfb00000,0x00000000dfb00000,0x00000000e1200000)
 ParOldGen       total 148992K, used 33833K [0x0000000080000000, 0x0000000089180000, 0x00000000d5580000)
  object space 148992K, 22% used [0x0000000080000000,0x000000008210a6c0,0x0000000089180000)
 Metaspace       used 68425K, capacity 71612K, committed 71768K, reserved 1112064K
  class space    used 9401K, capacity 10019K, committed 10112K, reserved 1048576K
}

Deoptimization events (10 events):
Event: 42.446 Thread 0x000000001fd7f000 Uncommon trap: reason=unstable_if action=reinterpret pc=0x00000000035ebd9c method=java.nio.Bits.putInt(Ljava/nio/ByteBuffer;IIZ)V @ 1
Event: 42.590 Thread 0x000000001fd87800 Uncommon trap: reason=class_check action=maybe_recompile pc=0x000000000478841c method=com.android.tools.r8.dex.n.a(ILjava/util/function/Supplier;)Ljava/lang/Object; @ 33
Event: 42.590 Thread 0x000000001fd89800 Uncommon trap: reason=class_check action=maybe_recompile pc=0x000000000478841c method=com.android.tools.r8.dex.n.a(ILjava/util/function/Supplier;)Ljava/lang/Object; @ 33
Event: 42.591 Thread 0x000000001fd8a800 Uncommon trap: reason=class_check action=maybe_recompile pc=0x000000000478841c method=com.android.tools.r8.dex.n.a(ILjava/util/function/Supplier;)Ljava/lang/Object; @ 33
Event: 42.592 Thread 0x000000001fd87800 Uncommon trap: reason=class_check action=maybe_recompile pc=0x000000000478841c method=com.android.tools.r8.dex.n.a(ILjava/util/function/Supplier;)Ljava/lang/Object; @ 33
Event: 42.642 Thread 0x000000001fd87800 Uncommon trap: reason=unstable_if action=reinterpret pc=0x00000000034959ec method=java.util.WeakHashMap.remove(Ljava/lang/Object;)Ljava/lang/Object; @ 94
Event: 43.045 Thread 0x000000001fd81800 Uncommon trap: reason=unstable_if action=reinterpret pc=0x0000000003021a30 method=java.util.Arrays.hashCode([Ljava/lang/Object;)I @ 1
Event: 43.045 Thread 0x000000001fd81800 Uncommon trap: reason=unstable_if action=reinterpret pc=0x000000000478bbec method=com.android.tools.r8.graph.d0.computeEquals(Ljava/lang/Object;)Z @ 37
Event: 43.049 Thread 0x000000001fd8a800 Uncommon trap: reason=unstable_if action=reinterpret pc=0x000000000477afd0 method=com.android.tools.r8.t.a.a.a.f.X.get(I)Ljava/lang/Object; @ 1
Event: 43.091 Thread 0x000000001fd87800 Uncommon trap: reason=unstable_if action=reinterpret pc=0x0000000003ae2640 method=com.android.tools.r8.graph.i0.b(Lcom/android/tools/r8/graph/i0;)I @ 49

Classes redefined (0 events):
No events

Internal exceptions (10 events):
Event: 40.271 Thread 0x000000001a631800 Exception <a 'java/lang/NoSuchMethodError': <clinit>> (0x00000000d5c52ab0) thrown at [C:\src\AOSP-openjdk-git\hotspot\src\share\vm\prims\jni.cpp, line 1615]
Event: 40.273 Thread 0x000000001a631800 Exception <a 'java/lang/NoSuchMethodError': <clinit>> (0x00000000d5c6f060) thrown at [C:\src\AOSP-openjdk-git\hotspot\src\share\vm\prims\jni.cpp, line 1615]
Event: 40.273 Thread 0x000000001a631800 Exception <a 'java/lang/NoSuchMethodError': <clinit>> (0x00000000d5c70938) thrown at [C:\src\AOSP-openjdk-git\hotspot\src\share\vm\prims\jni.cpp, line 1615]
Event: 40.950 Thread 0x000000001a631800 Exception <a 'java/lang/NoSuchMethodError': <clinit>> (0x00000000d813b1a0) thrown at [C:\src\AOSP-openjdk-git\hotspot\src\share\vm\prims\jni.cpp, line 1615]
Event: 40.952 Thread 0x000000001a631800 Exception <a 'java/lang/NoSuchMethodError': <clinit>> (0x00000000d815cdc8) thrown at [C:\src\AOSP-openjdk-git\hotspot\src\share\vm\prims\jni.cpp, line 1615]
Event: 40.953 Thread 0x000000001a631800 Exception <a 'java/lang/NoSuchMethodError': <clinit>> (0x00000000d81704b8) thrown at [C:\src\AOSP-openjdk-git\hotspot\src\share\vm\prims\jni.cpp, line 1615]
Event: 40.977 Thread 0x000000001a631800 Exception <a 'java/lang/NoSuchMethodError': <clinit>> (0x00000000d8343b80) thrown at [C:\src\AOSP-openjdk-git\hotspot\src\share\vm\prims\jni.cpp, line 1615]
Event: 41.300 Thread 0x000000001fd7f000 Exception <a 'sun/nio/fs/WindowsException'> (0x00000000d8b26410) thrown at [C:\src\AOSP-openjdk-git\hotspot\src\share\vm\prims\jni.cpp, line 710]
Event: 41.446 Thread 0x000000001fd80800 Exception <a 'java/lang/NoSuchMethodError': java.lang.Object.lambda$negate$1(Ljava/lang/Object;)Z> (0x00000000d8d8c5e8) thrown at [C:\src\AOSP-openjdk-git\hotspot\src\share\vm\interpreter\linkResolver.cpp, line 620]
Event: 43.045 Thread 0x000000001fd81800 Implicit null exception at 0x000000000302192f to 0x0000000003021a21

Events (10 events):
Event: 43.135 loading class com/android/tools/r8/graph/X0
Event: 43.135 loading class com/android/tools/r8/graph/X0 done
Event: 43.146 loading class com/android/tools/r8/graph/X0
Event: 43.146 loading class com/android/tools/r8/graph/X0 done
Event: 43.148 loading class com/android/tools/r8/t/a/a/a/h/f0$d
Event: 43.148 loading class com/android/tools/r8/t/a/a/a/h/f0$d done
Event: 43.149 loading class com/android/tools/r8/t/a/a/a/h/g0
Event: 43.149 loading class com/android/tools/r8/t/a/a/a/h/g0 done
Event: 43.153 loading class com/android/tools/r8/s/a/p/i
Event: 43.153 loading class com/android/tools/r8/s/a/p/i done


Dynamic libraries:
0x00007ff6cf460000 - 0x00007ff6cf491000 	D:\AndroidStudio\jre\bin\java.exe
0x00007ff96dd90000 - 0x00007ff96df85000 	C:\WINDOWS\SYSTEM32\ntdll.dll
0x00007ff96ca50000 - 0x00007ff96cb0d000 	C:\WINDOWS\System32\KERNEL32.DLL
0x00007ff96b600000 - 0x00007ff96b8c9000 	C:\WINDOWS\System32\KERNELBASE.dll
0x00007ff96dca0000 - 0x00007ff96dd4c000 	C:\WINDOWS\System32\ADVAPI32.dll
0x00007ff96c100000 - 0x00007ff96c19e000 	C:\WINDOWS\System32\msvcrt.dll
0x00007ff96be00000 - 0x00007ff96be9c000 	C:\WINDOWS\System32\sechost.dll
0x00007ff96c920000 - 0x00007ff96ca4b000 	C:\WINDOWS\System32\RPCRT4.dll
0x00007ff96d240000 - 0x00007ff96d3e0000 	C:\WINDOWS\System32\USER32.dll
0x00007ff96bd30000 - 0x00007ff96bd52000 	C:\WINDOWS\System32\win32u.dll
0x00007ff96cd70000 - 0x00007ff96cd9a000 	C:\WINDOWS\System32\GDI32.dll
0x00007ff96b8d0000 - 0x00007ff96b9db000 	C:\WINDOWS\System32\gdi32full.dll
0x00007ff96bc90000 - 0x00007ff96bd2d000 	C:\WINDOWS\System32\msvcp_win.dll
0x00007ff96ba30000 - 0x00007ff96bb30000 	C:\WINDOWS\System32\ucrtbase.dll
0x00007ff95db00000 - 0x00007ff95dd9a000 	C:\WINDOWS\WinSxS\amd64_microsoft.windows.common-controls_6595b64144ccf1df_6.0.19041.844_none_ca00b6081b84eb1d\COMCTL32.dll
0x00007ff96c700000 - 0x00007ff96c730000 	C:\WINDOWS\System32\IMM32.DLL
0x0000000071a40000 - 0x0000000071b12000 	D:\AndroidStudio\jre\jre\bin\msvcr100.dll
0x0000000071c00000 - 0x000000007244b000 	D:\AndroidStudio\jre\jre\bin\server\jvm.dll
0x00007ff96c0f0000 - 0x00007ff96c0f8000 	C:\WINDOWS\System32\PSAPI.DLL
0x00007ff958230000 - 0x00007ff958239000 	C:\WINDOWS\SYSTEM32\WSOCK32.dll
0x00007ff96c610000 - 0x00007ff96c67b000 	C:\WINDOWS\System32\WS2_32.dll
0x00007ff957b40000 - 0x00007ff957b4a000 	C:\WINDOWS\SYSTEM32\VERSION.dll
0x00007ff958ea0000 - 0x00007ff958ec7000 	C:\WINDOWS\SYSTEM32\WINMM.dll
0x00007ff966430000 - 0x00007ff96643f000 	D:\AndroidStudio\jre\jre\bin\verify.dll
0x00007ff964e00000 - 0x00007ff964e29000 	D:\AndroidStudio\jre\jre\bin\java.dll
0x00007ff95c6e0000 - 0x00007ff95c6f6000 	D:\AndroidStudio\jre\jre\bin\zip.dll
0x00007ff96d550000 - 0x00007ff96dc92000 	C:\WINDOWS\System32\SHELL32.dll
0x00007ff969300000 - 0x00007ff969a90000 	C:\WINDOWS\SYSTEM32\windows.storage.dll
0x00007ff96cee0000 - 0x00007ff96d235000 	C:\WINDOWS\System32\combase.dll
0x00007ff96af40000 - 0x00007ff96af6c000 	C:\WINDOWS\SYSTEM32\Wldp.dll
0x00007ff96d440000 - 0x00007ff96d4ee000 	C:\WINDOWS\System32\SHCORE.dll
0x00007ff96c8a0000 - 0x00007ff96c8f5000 	C:\WINDOWS\System32\shlwapi.dll
0x00007ff96b410000 - 0x00007ff96b42f000 	C:\WINDOWS\SYSTEM32\profapi.dll
0x00007ff95aeb0000 - 0x00007ff95aeca000 	D:\AndroidStudio\jre\jre\bin\net.dll
0x00007ff96acc0000 - 0x00007ff96ad2a000 	C:\WINDOWS\system32\mswsock.dll
0x00007ff95a250000 - 0x00007ff95a263000 	D:\AndroidStudio\jre\jre\bin\nio.dll
0x00007ff95c710000 - 0x00007ff95c737000 	C:\Users\lucas\.gradle\native\f6784746aeab05261644944871eae4fe03e0ef1612fff0a4a95f87b438bc6780\windows-amd64\native-platform.dll
0x00007ff9654c0000 - 0x00007ff9654cd000 	D:\AndroidStudio\jre\jre\bin\management.dll
0x00007ff96ae90000 - 0x00007ff96aea8000 	C:\WINDOWS\SYSTEM32\CRYPTSP.dll
0x00007ff96a5f0000 - 0x00007ff96a624000 	C:\WINDOWS\system32\rsaenh.dll
0x00007ff96bd60000 - 0x00007ff96bd87000 	C:\WINDOWS\System32\bcrypt.dll
0x00007ff96b390000 - 0x00007ff96b3be000 	C:\WINDOWS\SYSTEM32\USERENV.dll
0x00007ff96b580000 - 0x00007ff96b600000 	C:\WINDOWS\System32\bcryptprimitives.dll
0x00007ff96aeb0000 - 0x00007ff96aebc000 	C:\WINDOWS\SYSTEM32\CRYPTBASE.dll
0x00007ff96a960000 - 0x00007ff96a99b000 	C:\WINDOWS\SYSTEM32\IPHLPAPI.DLL
0x00007ff96bdf0000 - 0x00007ff96bdf8000 	C:\WINDOWS\System32\NSI.dll
0x00007ff968be0000 - 0x00007ff968bf7000 	C:\WINDOWS\SYSTEM32\dhcpcsvc6.DLL
0x00007ff968bc0000 - 0x00007ff968bdd000 	C:\WINDOWS\SYSTEM32\dhcpcsvc.DLL
0x00007ff96a9b0000 - 0x00007ff96aa7b000 	C:\WINDOWS\SYSTEM32\DNSAPI.dll
0x00007ff9643c0000 - 0x00007ff9643cb000 	C:\WINDOWS\SYSTEM32\WINNSI.DLL

VM Arguments:
jvm_args: -Xmx2048m -Dfile.encoding=UTF-8 -Duser.country=FR -Duser.language=fr -Duser.variant 
java_command: org.gradle.launcher.daemon.bootstrap.GradleDaemon 6.5
java_class_path (initial): C:\Users\lucas\.gradle\wrapper\dists\gradle-6.5-all\2oz4ud9k3tuxjg84bbf55q0tn\gradle-6.5\lib\gradle-launcher-6.5.jar
Launcher Type: SUN_STANDARD

Environment Variables:
JAVA_HOME=C:\Program Files\OpenJDK\openjdk-8u282-b08
PATH=C:\Program Files (x86)\Common Files\Oracle\Java\javapath;C:\Program Files (x86)\Intel\iCLS Client\;C:\Program Files\Intel\iCLS Client\;C:\WINDOWS\system32;C:\WINDOWS;C:\WINDOWS\System32\Wbem;C:\WINDOWS\System32\WindowsPowerShell\v1.0\;C:\Program Files (x86)\Intel\Intel(R) Management Engine Components\DAL;C:\Program Files\Intel\Intel(R) Management Engine Components\DAL;C:\Program Files (x86)\Intel\Intel(R) Management Engine Components\IPT;C:\Program Files\Intel\Intel(R) Management Engine Components\IPT;C:\WINDOWS\System32\OpenSSH\;D:\Git\cmd;D:\Tesseract;D:\OpenVPN Telecom Paris\OpenVPN\bin;C:\Program Files (x86)\dotnet\;C:\ProgramData\chocolatey\bin;C:\Program Files\nodejs\;C:\Program Files\OpenJDK\openjdk-8u282-b08\bin;C:\Users\lucas\AppData\Local\Microsoft\WindowsApps;D:\Miktex\miktex\bin\x64\;D:\LaTex\Miktex\miktex\bin\x64\;D:\Tesseract-OCR;D:\Microsoft VS Code\bin;D:\wamp64\bin\php\php7.4.0;D:\Composer;C:\Users\lucas\AppData\Roaming\Composer\vendor\bin;C:\Users\lucas\AppData\Roaming\npm;D:\AndroidStudioSDK\platform-tools;D:\Anaconda;D:\Anaconda\Scripts;D:\Anaconda\Library\bin\;D:\Anaconda\condabin\;
USERNAME=lucas
OS=Windows_NT
PROCESSOR_IDENTIFIER=Intel64 Family 6 Model 78 Stepping 3, GenuineIntel



---------------  S Y S T E M  ---------------

OS: Windows 10.0 , 64 bit Build 19041 (10.0.19041.804)

CPU:total 4 (initial active 4) (2 cores per cpu, 2 threads per core) family 6 model 78 stepping 3, cmov, cx8, fxsr, mmx, sse, sse2, sse3, ssse3, sse4.1, sse4.2, popcnt, avx, avx2, aes, clmul, erms, 3dnowpref, lzcnt, ht, tsc, tscinvbit, bmi1, bmi2, adx

Memory: 4k page, physical 8271076k(268980k free), swap 23738720k(2240k free)

vm_info: OpenJDK 64-Bit Server VM (25.242-b01) for windows-amd64 JRE (1.8.0_242-release-1644-b01), built by "builder" with MS VC++ 10.0 (VS2010)

time: Fri Apr 16 16:17:50 2021
timezone: Paris, Madrid (heure d’été)
elapsed time: 43 seconds (0d 0h 0m 43s)

